2020-09-03 23:13:46 [iamadmin - 105a8a3f22727e0a85ad3ecf16e7a286] - [purchase Construct] - API EMPLOYEES GET request execute
2020-09-03 23:13:46 [iamadmin - 105a8a3f22727e0a85ad3ecf16e7a286] - [purchase Construct] - API SHOP GET request execute
2020-09-03 23:13:46 [iamadmin - 105a8a3f22727e0a85ad3ecf16e7a286] - [purchase Construct] - API MENU_SIDE GET request execute
2020-09-03 23:13:46 [iamadmin - 105a8a3f22727e0a85ad3ecf16e7a286] - [purchase Construct] - API PURCHASES_ORDER_PREFIX GET request execute
2020-09-03 23:13:46 [iamadmin - 105a8a3f22727e0a85ad3ecf16e7a286] - [purchase Create] - API ITEMS GET request execute
2020-09-03 23:13:46 [iamadmin - 105a8a3f22727e0a85ad3ecf16e7a286] - [purchase Create] - API SHOP GET request execute
2020-09-03 23:13:46 [iamadmin - 105a8a3f22727e0a85ad3ecf16e7a286] - [purchase Create] - API SUPPLIERS GET request execute
2020-09-03 23:13:46 [iamadmin - 105a8a3f22727e0a85ad3ecf16e7a286] - [purchase Create] - API PAYMENTMETHODS GET request execute
2020-09-03 23:14:01 [iamadmin - 105a8a3f22727e0a85ad3ecf16e7a286] - [purchase Construct] - API EMPLOYEES GET request execute
2020-09-03 23:14:01 [iamadmin - 105a8a3f22727e0a85ad3ecf16e7a286] - [purchase Construct] - API SHOP GET request execute
2020-09-03 23:14:01 [iamadmin - 105a8a3f22727e0a85ad3ecf16e7a286] - [purchase Construct] - API MENU_SIDE GET request execute
2020-09-03 23:14:01 [iamadmin - 105a8a3f22727e0a85ad3ecf16e7a286] - [purchase Construct] - API PURCHASES_ORDER_PREFIX GET request execute
2020-09-03 23:14:03 [iamadmin - 105a8a3f22727e0a85ad3ecf16e7a286] - [purchase Construct] - API EMPLOYEES GET request execute
2020-09-03 23:14:03 [iamadmin - 105a8a3f22727e0a85ad3ecf16e7a286] - [purchase Construct] - API SHOP GET request execute
2020-09-03 23:14:03 [iamadmin - 105a8a3f22727e0a85ad3ecf16e7a286] - [purchase Construct] - API MENU_SIDE GET request execute
2020-09-03 23:14:03 [iamadmin - 105a8a3f22727e0a85ad3ecf16e7a286] - [purchase Construct] - API PURCHASES_ORDER_PREFIX GET request execute
2020-09-03 23:14:03 [iamadmin - 105a8a3f22727e0a85ad3ecf16e7a286] - [Purchase Save] - API PURCHASES_ORDER POST request execute
2020-09-03 23:14:08 [iamadmin - 105a8a3f22727e0a85ad3ecf16e7a286] - [purchase Construct] - API EMPLOYEES GET request execute
2020-09-03 23:14:09 [iamadmin - 105a8a3f22727e0a85ad3ecf16e7a286] - [purchase Construct] - API SHOP GET request execute
2020-09-03 23:14:09 [iamadmin - 105a8a3f22727e0a85ad3ecf16e7a286] - [purchase Construct] - API MENU_SIDE GET request execute
2020-09-03 23:14:09 [iamadmin - 105a8a3f22727e0a85ad3ecf16e7a286] - [purchase Construct] - API PURCHASES_ORDER_PREFIX GET request execute
